<?xml version="1.0" encoding="UTF-8"?>
<!-- Generated by org.testng.reporters.JUnitXMLReporter -->
<testsuite ignored="0" hostname="DESKTOP-9VQ45CQ" failures="0" tests="10" name="Default test" time="77.818" errors="0" timestamp="2021-09-27T10:23:12 IST">
  <testcase classname="com.urbanladder.runner.Runner" name="Login" time="11.118"/>
  <testcase classname="com.urbanladder.runner.Runner" name="DiningTable" time="1.421"/>
  <testcase classname="com.urbanladder.runner.Runner" name="Sale" time="9.37"/>
  <testcase classname="com.urbanladder.runner.Runner" name="Living" time="8.561"/>
  <testcase classname="com.urbanladder.runner.Runner" name="Bedroom" time="8.26"/>
  <testcase classname="com.urbanladder.runner.Runner" name="Storage" time="8.266"/>
  <testcase classname="com.urbanladder.runner.Runner" name="Study" time="8.536"/>
  <testcase classname="com.urbanladder.runner.Runner" name="Kids" time="8.389"/>
  <testcase classname="com.urbanladder.runner.Runner" name="GiftCard" time="9.382"/>
  <testcase classname="com.urbanladder.runner.Runner" name="BulkOrder" time="1.857"/>
</testsuite> <!-- Default test -->
