<?xml version="1.0" encoding="UTF-8"?>
<!-- Generated by org.testng.reporters.JUnitXMLReporter -->
<testsuite ignored="0" hostname="DESKTOP-9VQ45CQ" failures="0" tests="10" name="Test" time="76.979" errors="0" timestamp="2021-09-27T16:34:05 IST">
  <testcase classname="com.urbanladder.runner.Runner" name="Login" time="10.887"/>
  <testcase classname="com.urbanladder.runner.Runner" name="DiningTable" time="1.364"/>
  <testcase classname="com.urbanladder.runner.Runner" name="Sale" time="8.87"/>
  <testcase classname="com.urbanladder.runner.Runner" name="Living" time="8.05"/>
  <testcase classname="com.urbanladder.runner.Runner" name="Bedroom" time="8.113"/>
  <testcase classname="com.urbanladder.runner.Runner" name="Storage" time="8.441"/>
  <testcase classname="com.urbanladder.runner.Runner" name="Study" time="8.397"/>
  <testcase classname="com.urbanladder.runner.Runner" name="Kids" time="10.024"/>
  <testcase classname="com.urbanladder.runner.Runner" name="GiftCard" time="9.169"/>
  <testcase classname="com.urbanladder.runner.Runner" name="BulkOrder" time="1.619"/>
</testsuite> <!-- Test -->
